Train start
Train start
abcdefxyz 5
total: 100 Accuracy: 1.0 Macro F1: 0.05555555555555555 Micro F1: 0.10526315789473684
total: 200 Accuracy: 0.99 Macro F1: 0.05555555555555555 Micro F1: 0.10432033719704951
total: 300 Accuracy: 0.99 Macro F1: 0.05555555555555555 Micro F1: 0.10432033719704951
total: 400 Accuracy: 0.9925 Macro F1: 0.05555555555555555 Micro F1: 0.10455622860152751
total: 500 Accuracy: 0.992 Macro F1: 0.05555555555555555 Micro F1: 0.10450906026127266
total: 600 Accuracy: 0.9516666666666667 Macro F1: 0.056758465500138376 Micro F1: 0.10068770939869512
total: 700 Accuracy: 0.8828571428571429 Macro F1: 0.0596348338577056 Micro F1: 0.09409257003654081
total: 800 Accuracy: 0.86375 Macro F1: 0.06390448445254059 Micro F1: 0.09224402616473101
total: 900 Accuracy: 0.8488888888888889 Macro F1: 0.06691844778263656 Micro F1: 0.09080104587592108
total: 1000 Accuracy: 0.819 Macro F1: 0.06777753391580085 Micro F1: 0.08788496619808993
xyz 5
total: 100 Accuracy: 1.0 Macro F1: 1.0 Micro F1: 1.0
total: 200 Accuracy: 0.995 Macro F1: 0.9443052074631022 Micro F1: 0.995
total: 300 Accuracy: 0.9933333333333333 Macro F1: 0.8887030843552582 Micro F1: 0.9933333333333333
total: 400 Accuracy: 0.995 Macro F1: 0.8887496519075467 Micro F1: 0.995
total: 500 Accuracy: 0.996 Macro F1: 0.8887775551102205 Micro F1: 0.996
total: 600 Accuracy: 0.945 Macro F1: 0.6323790705511135 Micro F1: 0.945
total: 700 Accuracy: 0.84 Macro F1: 0.40869941045526853 Micro F1: 0.8399999999999999
total: 800 Accuracy: 0.76875 Macro F1: 0.3547152528872959 Micro F1: 0.76875
total: 900 Accuracy: 0.7233333333333334 Macro F1: 0.36764965868273713 Micro F1: 0.7233333333333334
total: 1000 Accuracy: 0.683 Macro F1: 0.3729843416698701 Micro F1: 0.683

abcdef k=5
total: 100 Accuracy: 1.0 Macro F1: 1.0 Micro F1: 1.0
total: 200 Accuracy: 1.0 Macro F1: 1.0 Micro F1: 1.0
total: 300 Accuracy: 0.9933333333333333 Macro F1: 0.8887030843552582 Micro F1: 0.9933333333333333
total: 400 Accuracy: 0.995 Macro F1: 0.8887496519075467 Micro F1: 0.995
total: 500 Accuracy: 0.994 Macro F1: 0.8331661651621531 Micro F1: 0.994
total: 600 Accuracy: 0.9733333333333334 Macro F1: 0.7112110561915045 Micro F1: 0.9733333333333334
total: 700 Accuracy: 0.95 Macro F1: 0.6584777581814619 Micro F1: 0.9500000000000001
total: 800 Accuracy: 0.94625 Macro F1: 0.6604653056600033 Micro F1: 0.94625
total: 900 Accuracy: 0.9388888888888889 Macro F1: 0.6535049410075381 Micro F1: 0.9388888888888889
total: 1000 Accuracy: 0.935 Macro F1: 0.6558717206955499 Micro F1: 0.935
total: 1100 Accuracy: 0.9390909090909091 Macro F1: 0.6573570442002509 Micro F1: 0.9390909090909091
total: 1200 Accuracy: 0.9325 Macro F1: 0.6565173891876358 Micro F1: 0.9325
total: 1300 Accuracy: 0.9276923076923077 Macro F1: 0.6561436131766816 Micro F1: 0.9276923076923077
total: 1400 Accuracy: 0.925 Macro F1: 0.6557948068320734 Micro F1: 0.925
total: 1500 Accuracy: 0.9233333333333333 Macro F1: 0.6525239687101636 Micro F1: 0.9233333333333333
total: 1600 Accuracy: 0.92375 Macro F1: 0.6529887891879576 Micro F1: 0.92375
total: 1700 Accuracy: 0.9229411764705883 Macro F1: 0.6529163487429928 Micro F1: 0.9229411764705883
total: 1800 Accuracy: 0.9238888888888889 Macro F1: 0.6529617703179439 Micro F1: 0.9238888888888889
total: 1900 Accuracy: 0.9205263157894736 Macro F1: 0.5905932620621882 Micro F1: 0.9205263157894736
total: 2000 Accuracy: 0.9105 Macro F1: 0.5382803020791243 Micro F1: 0.9105
total: 2100 Accuracy: 0.9004761904761904 Macro F1: 0.5535864256916808 Micro F1: 0.9004761904761904
total: 2200 Accuracy: 0.8936363636363637 Macro F1: 0.5554468283351963 Micro F1: 0.8936363636363637
total: 2300 Accuracy: 0.8904347826086957 Macro F1: 0.5565602087134577 Micro F1: 0.8904347826086957
total: 2400 Accuracy: 0.8920833333333333 Macro F1: 0.5581599017120273 Micro F1: 0.8920833333333333
total: 2500 Accuracy: 0.8876 Macro F1: 0.557286854557331 Micro F1: 0.8876
total: 2600 Accuracy: 0.8830769230769231 Macro F1: 0.5563022283127981 Micro F1: 0.8830769230769231
total: 2700 Accuracy: 0.8848148148148148 Macro F1: 0.5567948980060655 Micro F1: 0.8848148148148148
total: 2800 Accuracy: 0.8832142857142857 Macro F1: 0.5563316923753446 Micro F1: 0.8832142857142857
total: 2900 Accuracy: 0.8810344827586207 Macro F1: 0.5750874116102319 Micro F1: 0.8810344827586207
total: 3000 Accuracy: 0.872 Macro F1: 0.5925736127847314 Micro F1: 0.872
total: 3100 Accuracy: 0.8648387096774194 Macro F1: 0.5364482924275913 Micro F1: 0.8648387096774194
total: 3200 Accuracy: 0.86 Macro F1: 0.536483749789879 Micro F1: 0.8599999999999999
total: 3300 Accuracy: 0.8487878787878788 Macro F1: 0.5461391974785692 Micro F1: 0.8487878787878788
total: 3400 Accuracy: 0.8382352941176471 Macro F1: 0.5589199700018483 Micro F1: 0.8382352941176471
total: 3500 Accuracy: 0.8285714285714286 Macro F1: 0.5780125944611215 Micro F1: 0.8285714285714286
total: 3600 Accuracy: 0.8158333333333333 Macro F1: 0.5696260935137016 Micro F1: 0.8158333333333333
total: 3700 Accuracy: 0.8059459459459459 Macro F1: 0.5756346491308687 Micro F1: 0.8059459459459459
total: 3800 Accuracy: 0.7952631578947369 Macro F1: 0.5719823629564094 Micro F1: 0.7952631578947369
total: 3900 Accuracy: 0.7843589743589744 Macro F1: 0.5685685102278367 Micro F1: 0.7843589743589744
total: 4000 Accuracy: 0.77375 Macro F1: 0.5837591711990299 Micro F1: 0.77375
total: 4100 Accuracy: 0.7680487804878049 Macro F1: 0.5981429132056861 Micro F1: 0.7680487804878049
total: 4200 Accuracy: 0.7645238095238095 Macro F1: 0.6004332637547113 Micro F1: 0.7645238095238095
total: 4300 Accuracy: 0.7583720930232558 Macro F1: 0.5983660242507758 Micro F1: 0.7583720930232558
total: 4400 Accuracy: 0.7561363636363636 Macro F1: 0.5989990528560389 Micro F1: 0.7561363636363636
total: 4500 Accuracy: 0.7524444444444445 Macro F1: 0.5981614618888254 Micro F1: 0.7524444444444445
total: 4600 Accuracy: 0.7489130434782608 Macro F1: 0.5971332232407338 Micro F1: 0.7489130434782609
total: 4700 Accuracy: 0.7461702127659574 Macro F1: 0.5964817282041752 Micro F1: 0.7461702127659574
total: 4800 Accuracy: 0.741875 Macro F1: 0.5947385690657492 Micro F1: 0.741875
total: 4900 Accuracy: 0.7342857142857143 Macro F1: 0.6331563844648009 Micro F1: 0.7342857142857143
total: 5000 Accuracy: 0.7262 Macro F1: 0.6339564382328323 Micro F1: 0.7262000000000001
total: 5100 Accuracy: 0.7158823529411765 Macro F1: 0.6291178002444888 Micro F1: 0.7158823529411765
total: 5200 Accuracy: 0.7096153846153846 Macro F1: 0.6297087121326259 Micro F1: 0.7096153846153846
total: 5300 Accuracy: 0.7030188679245283 Macro F1: 0.6287631945250923 Micro F1: 0.7030188679245283
total: 5400 Accuracy: 0.6924074074074074 Macro F1: 0.6237302366859195 Micro F1: 0.6924074074074074
total: 5500 Accuracy: 0.6896363636363636 Macro F1: 0.6247689589029483 Micro F1: 0.6896363636363636
total: 5600 Accuracy: 0.6878571428571428 Macro F1: 0.6080168679013169 Micro F1: 0.6878571428571428
total: 5611 Accuracy: 0.6872215291391909 Macro F1: 0.6307170537761723 Micro F1: 0.6872215291391909
Train finished after: 2104.1021959

abcded k=11
total: 100 Accuracy: 1.0 Macro F1: 1.0 Micro F1: 1.0
total: 200 Accuracy: 0.995 Macro F1: 0.9443052074631022 Micro F1: 0.995
total: 300 Accuracy: 0.9966666666666667 Macro F1: 0.9443516972732332 Micro F1: 0.9966666666666667
total: 400 Accuracy: 0.9975 Macro F1: 0.9443749130858018 Micro F1: 0.9975
total: 500 Accuracy: 0.998 Macro F1: 0.9443888332777222 Micro F1: 0.998
total: 600 Accuracy: 0.9733333333333334 Macro F1: 0.7647002660156554 Micro F1: 0.9733333333333334
total: 700 Accuracy: 0.94 Macro F1: 0.7112222752340149 Micro F1: 0.94
total: 800 Accuracy: 0.93125 Macro F1: 0.7132905388653538 Micro F1: 0.93125
total: 900 Accuracy: 0.9211111111111111 Macro F1: 0.7584885985137965 Micro F1: 0.9211111111111111
total: 1000 Accuracy: 0.907 Macro F1: 0.70421121981493 Micro F1: 0.907
total: 1100 Accuracy: 0.9054545454545454 Macro F1: 0.5946845406443761 Micro F1: 0.9054545454545454
total: 1200 Accuracy: 0.8858333333333334 Macro F1: 0.5913817542024294 Micro F1: 0.8858333333333334
total: 1300 Accuracy: 0.8838461538461538 Macro F1: 0.5913891377993692 Micro F1: 0.8838461538461538
total: 1400 Accuracy: 0.8821428571428571 Macro F1: 0.5357934032214071 Micro F1: 0.8821428571428571
total: 1500 Accuracy: 0.88 Macro F1: 0.5307202786011443 Micro F1: 0.88
total: 1600 Accuracy: 0.876875 Macro F1: 0.5297898487665746 Micro F1: 0.876875
total: 1700 Accuracy: 0.8723529411764706 Macro F1: 0.5287259378248522 Micro F1: 0.8723529411764707
total: 1800 Accuracy: 0.8655555555555555 Macro F1: 0.5271865221100365 Micro F1: 0.8655555555555554
total: 1900 Accuracy: 0.8563157894736843 Macro F1: 0.5636500169871281 Micro F1: 0.8563157894736843
total: 2000 Accuracy: 0.832 Macro F1: 0.5313738835263583 Micro F1: 0.832
total: 2100 Accuracy: 0.8161904761904762 Macro F1: 0.5509835509243992 Micro F1: 0.8161904761904762
total: 2200 Accuracy: 0.8036363636363636 Macro F1: 0.5520899217155545 Micro F1: 0.8036363636363636
total: 2300 Accuracy: 0.7952173913043479 Macro F1: 0.5527284270176812 Micro F1: 0.7952173913043479
total: 2400 Accuracy: 0.7945833333333333 Macro F1: 0.5546151877923117 Micro F1: 0.7945833333333333
total: 2500 Accuracy: 0.7912 Macro F1: 0.5547321458767169 Micro F1: 0.7912
total: 2600 Accuracy: 0.7846153846153846 Macro F1: 0.5533802447543761 Micro F1: 0.7846153846153847
total: 2700 Accuracy: 0.7866666666666666 Macro F1: 0.5540654175652322 Micro F1: 0.7866666666666666
total: 2800 Accuracy: 0.7842857142857143 Macro F1: 0.5533812708874458 Micro F1: 0.7842857142857141
total: 2900 Accuracy: 0.7775862068965518 Macro F1: 0.551659607113846 Micro F1: 0.7775862068965518
total: 3000 Accuracy: 0.7596666666666667 Macro F1: 0.5668025695232779 Micro F1: 0.7596666666666667
total: 3100 Accuracy: 0.7429032258064516 Macro F1: 0.5635637691644246 Micro F1: 0.7429032258064516
total: 3200 Accuracy: 0.7325 Macro F1: 0.5650486854767413 Micro F1: 0.7325
total: 3300 Accuracy: 0.7169696969696969 Macro F1: 0.4837356725278692 Micro F1: 0.7169696969696969
total: 3400 Accuracy: 0.7023529411764706 Macro F1: 0.4822929389977989 Micro F1: 0.7023529411764706
total: 3500 Accuracy: 0.6897142857142857 Macro F1: 0.49759017085861246 Micro F1: 0.6897142857142857
total: 3600 Accuracy: 0.6752777777777778 Macro F1: 0.47462380051949526 Micro F1: 0.6752777777777778
total: 3700 Accuracy: 0.6648648648648648 Macro F1: 0.47451063731819215 Micro F1: 0.6648648648648648
total: 3800 Accuracy: 0.6539473684210526 Macro F1: 0.47084917859637687 Micro F1: 0.6539473684210526
total: 3900 Accuracy: 0.6428205128205128 Macro F1: 0.46733992487409737 Micro F1: 0.6428205128205128
total: 4000 Accuracy: 0.6295 Macro F1: 0.46960445695254255 Micro F1: 0.6295
total: 4100 Accuracy: 0.6229268292682927 Macro F1: 0.48586929057999967 Micro F1: 0.6229268292682927
total: 4200 Accuracy: 0.6180952380952381 Macro F1: 0.4877598794252165 Micro F1: 0.6180952380952381
total: 4300 Accuracy: 0.6155813953488372 Macro F1: 0.4893898559621269 Micro F1: 0.6155813953488372
total: 4400 Accuracy: 0.6127272727272727 Macro F1: 0.48929207453031537 Micro F1: 0.6127272727272727
total: 4500 Accuracy: 0.6106666666666667 Macro F1: 0.48907158081342345 Micro F1: 0.6106666666666667
total: 4600 Accuracy: 0.6065217391304348 Macro F1: 0.48745297286466716 Micro F1: 0.6065217391304348
total: 4700 Accuracy: 0.605531914893617 Macro F1: 0.48716089426417586 Micro F1: 0.605531914893617
total: 4800 Accuracy: 0.6029166666666667 Macro F1: 0.48578625738797526 Micro F1: 0.6029166666666667
total: 4900 Accuracy: 0.5961224489795919 Macro F1: 0.46549770396034007 Micro F1: 0.5961224489795919
total: 5000 Accuracy: 0.5888 Macro F1: 0.4632931270621143 Micro F1: 0.5888
total: 5100 Accuracy: 0.5856862745098039 Macro F1: 0.4668170065666811 Micro F1: 0.5856862745098039
total: 5200 Accuracy: 0.5825 Macro F1: 0.4674513701858489 Micro F1: 0.5825
total: 5300 Accuracy: 0.5747169811320755 Macro F1: 0.4634227508503832 Micro F1: 0.5747169811320755
total: 5400 Accuracy: 0.5701851851851852 Macro F1: 0.4620051332573726 Micro F1: 0.5701851851851852
total: 5500 Accuracy: 0.568 Macro F1: 0.4622368876002531 Micro F1: 0.568
total: 5600 Accuracy: 0.5639285714285714 Macro F1: 0.4778189095451497 Micro F1: 0.5639285714285714
total: 5611 Accuracy: 0.5628230261985386 Macro F1: 0.41923673496719727 Micro F1: 0.5628230261985386
Train finished after: 2062.8082781

abcdef k=11
total: 100 Accuracy: 1.0 Macro F1: 1.0 Micro F1: 1.0
total: 200 Accuracy: 0.995 Macro F1: 0.9443052074631022 Micro F1: 0.995
total: 300 Accuracy: 0.9966666666666667 Macro F1: 0.9443516972732332 Micro F1: 0.9966666666666667
total: 400 Accuracy: 0.9975 Macro F1: 0.9443749130858018 Micro F1: 0.9975
total: 500 Accuracy: 0.998 Macro F1: 0.9443888332777222 Micro F1: 0.998
total: 600 Accuracy: 0.9733333333333334 Macro F1: 0.7647002660156554 Micro F1: 0.9733333333333334
total: 700 Accuracy: 0.94 Macro F1: 0.7112222752340149 Micro F1: 0.94
total: 800 Accuracy: 0.93125 Macro F1: 0.7132905388653538 Micro F1: 0.93125
total: 900 Accuracy: 0.9211111111111111 Macro F1: 0.7584885985137965 Micro F1: 0.9211111111111111
total: 1000 Accuracy: 0.907 Macro F1: 0.70421121981493 Micro F1: 0.907
total: 1100 Accuracy: 0.9054545454545454 Macro F1: 0.5946845406443761 Micro F1: 0.9054545454545454
total: 1200 Accuracy: 0.8858333333333334 Macro F1: 0.5913817542024294 Micro F1: 0.8858333333333334
total: 1300 Accuracy: 0.8838461538461538 Macro F1: 0.5913891377993692 Micro F1: 0.8838461538461538
total: 1400 Accuracy: 0.8821428571428571 Macro F1: 0.5357934032214071 Micro F1: 0.8821428571428571
total: 1500 Accuracy: 0.88 Macro F1: 0.5307202786011443 Micro F1: 0.88
total: 1600 Accuracy: 0.876875 Macro F1: 0.5297898487665746 Micro F1: 0.876875
total: 1700 Accuracy: 0.8723529411764706 Macro F1: 0.5287259378248522 Micro F1: 0.8723529411764707
total: 1800 Accuracy: 0.8655555555555555 Macro F1: 0.5271865221100365 Micro F1: 0.8655555555555554
total: 1900 Accuracy: 0.8563157894736843 Macro F1: 0.5636500169871281 Micro F1: 0.8563157894736843
total: 2000 Accuracy: 0.832 Macro F1: 0.5313738835263583 Micro F1: 0.832
total: 2100 Accuracy: 0.8161904761904762 Macro F1: 0.5509835509243992 Micro F1: 0.8161904761904762
total: 2200 Accuracy: 0.8036363636363636 Macro F1: 0.5520899217155545 Micro F1: 0.8036363636363636
total: 2300 Accuracy: 0.7952173913043479 Macro F1: 0.5527284270176812 Micro F1: 0.7952173913043479
total: 2400 Accuracy: 0.7945833333333333 Macro F1: 0.5546151877923117 Micro F1: 0.7945833333333333
total: 2500 Accuracy: 0.7912 Macro F1: 0.5547321458767169 Micro F1: 0.7912
total: 2600 Accuracy: 0.7846153846153846 Macro F1: 0.5533802447543761 Micro F1: 0.7846153846153847
total: 2700 Accuracy: 0.7866666666666666 Macro F1: 0.5540654175652322 Micro F1: 0.7866666666666666
total: 2800 Accuracy: 0.7842857142857143 Macro F1: 0.5533812708874458 Micro F1: 0.7842857142857141
total: 2900 Accuracy: 0.7775862068965518 Macro F1: 0.551659607113846 Micro F1: 0.7775862068965518
total: 3000 Accuracy: 0.7596666666666667 Macro F1: 0.5668025695232779 Micro F1: 0.7596666666666667
total: 3100 Accuracy: 0.7429032258064516 Macro F1: 0.5635637691644246 Micro F1: 0.7429032258064516
total: 3200 Accuracy: 0.7325 Macro F1: 0.5650486854767413 Micro F1: 0.7325
total: 3300 Accuracy: 0.7169696969696969 Macro F1: 0.4837356725278692 Micro F1: 0.7169696969696969
total: 3400 Accuracy: 0.7023529411764706 Macro F1: 0.4822929389977989 Micro F1: 0.7023529411764706
total: 3500 Accuracy: 0.6897142857142857 Macro F1: 0.49759017085861246 Micro F1: 0.6897142857142857
total: 3600 Accuracy: 0.6752777777777778 Macro F1: 0.47462380051949526 Micro F1: 0.6752777777777778
total: 3700 Accuracy: 0.6648648648648648 Macro F1: 0.47451063731819215 Micro F1: 0.6648648648648648
total: 3800 Accuracy: 0.6539473684210526 Macro F1: 0.47084917859637687 Micro F1: 0.6539473684210526
total: 3900 Accuracy: 0.6428205128205128 Macro F1: 0.46733992487409737 Micro F1: 0.6428205128205128
total: 4000 Accuracy: 0.6295 Macro F1: 0.46960445695254255 Micro F1: 0.6295
total: 4100 Accuracy: 0.6229268292682927 Macro F1: 0.48586929057999967 Micro F1: 0.6229268292682927
total: 4200 Accuracy: 0.6180952380952381 Macro F1: 0.4877598794252165 Micro F1: 0.6180952380952381
total: 4300 Accuracy: 0.6155813953488372 Macro F1: 0.4893898559621269 Micro F1: 0.6155813953488372
total: 4400 Accuracy: 0.6127272727272727 Macro F1: 0.48929207453031537 Micro F1: 0.6127272727272727
total: 4500 Accuracy: 0.6106666666666667 Macro F1: 0.48907158081342345 Micro F1: 0.6106666666666667
total: 4600 Accuracy: 0.6065217391304348 Macro F1: 0.48745297286466716 Micro F1: 0.6065217391304348
total: 4700 Accuracy: 0.605531914893617 Macro F1: 0.48716089426417586 Micro F1: 0.605531914893617
total: 4800 Accuracy: 0.6029166666666667 Macro F1: 0.48578625738797526 Micro F1: 0.6029166666666667
total: 4900 Accuracy: 0.5961224489795919 Macro F1: 0.46549770396034007 Micro F1: 0.5961224489795919
total: 5000 Accuracy: 0.5888 Macro F1: 0.4632931270621143 Micro F1: 0.5888
total: 5100 Accuracy: 0.5856862745098039 Macro F1: 0.4668170065666811 Micro F1: 0.5856862745098039
total: 5200 Accuracy: 0.5825 Macro F1: 0.4674513701858489 Micro F1: 0.5825
total: 5300 Accuracy: 0.5747169811320755 Macro F1: 0.4634227508503832 Micro F1: 0.5747169811320755
total: 5400 Accuracy: 0.5701851851851852 Macro F1: 0.4620051332573726 Micro F1: 0.5701851851851852
total: 5500 Accuracy: 0.568 Macro F1: 0.4622368876002531 Micro F1: 0.568
total: 5600 Accuracy: 0.5639285714285714 Macro F1: 0.4778189095451497 Micro F1: 0.5639285714285714
total: 5611 Accuracy: 0.5628230261985386 Macro F1: 0.41923673496719727 Micro F1: 0.5628230261985386
Train finished after: 2105.8005144
