total: 1000 Accuracy: 0.705 Macro F1: 0.2983468486966311 Micro F1: 0.705
total: 2000 Accuracy: 0.66 Macro F1: 0.31238020180772075 Micro F1: 0.66
total: 3000 Accuracy: 0.6013333333333334 Macro F1: 0.3728794708366062 Micro F1: 0.6013333333333334
total: 4000 Accuracy: 0.55375 Macro F1: 0.414229879474018 Micro F1: 0.55375
total: 4488 Accuracy: 0.5274064171122995 Macro F1: 0.44661821549594705 Micro F1: 0.5274064171122995
finish: 0 0
total: 1000 Accuracy: 0.719 Macro F1: 0.29891313996385416 Micro F1: 0.7190000000000001
total: 2000 Accuracy: 0.67 Macro F1: 0.31981766953666213 Micro F1: 0.67
total: 3000 Accuracy: 0.593 Macro F1: 0.4349398610192153 Micro F1: 0.593
total: 4000 Accuracy: 0.54525 Macro F1: 0.4746823785519852 Micro F1: 0.54525
total: 4488 Accuracy: 0.5229500891265597 Macro F1: 0.446406002067426 Micro F1: 0.5229500891265597
finish: 0 1
total: 1000 Accuracy: 0.724 Macro F1: 0.18832586934103168 Micro F1: 0.724
total: 2000 Accuracy: 0.6665 Macro F1: 0.3287526749381404 Micro F1: 0.6665
total: 3000 Accuracy: 0.5946666666666667 Macro F1: 0.44455441503121446 Micro F1: 0.5946666666666667
total: 4000 Accuracy: 0.552 Macro F1: 0.4961667670539229 Micro F1: 0.552
total: 4488 Accuracy: 0.5247326203208557 Macro F1: 0.481803799751489 Micro F1: 0.5247326203208557
finish: 0 2
total: 1000 Accuracy: 0.715 Macro F1: 0.24224747065570787 Micro F1: 0.715
total: 2000 Accuracy: 0.677 Macro F1: 0.318578052068293 Micro F1: 0.677
total: 3000 Accuracy: 0.5936666666666667 Macro F1: 0.43302268256094006 Micro F1: 0.5936666666666667
total: 4000 Accuracy: 0.542 Macro F1: 0.4665031898459492 Micro F1: 0.542
total: 4488 Accuracy: 0.517602495543672 Macro F1: 0.4576931304529418 Micro F1: 0.517602495543672
finish: 0 3
total: 1000 Accuracy: 0.704 Macro F1: 0.35106833121025377 Micro F1: 0.704
total: 2000 Accuracy: 0.6455 Macro F1: 0.3123613135050101 Micro F1: 0.6455
total: 3000 Accuracy: 0.5783333333333334 Macro F1: 0.4136205484636327 Micro F1: 0.5783333333333334
total: 4000 Accuracy: 0.534 Macro F1: 0.45489558048152656 Micro F1: 0.534
total: 4488 Accuracy: 0.5084670231729055 Macro F1: 0.44144693115359307 Micro F1: 0.5084670231729055
finish: 0 4
total: 1000 Accuracy: 0.705 Macro F1: 0.2983468486966311 Micro F1: 0.705
total: 2000 Accuracy: 0.66 Macro F1: 0.31238020180772075 Micro F1: 0.66
total: 3000 Accuracy: 0.6013333333333334 Macro F1: 0.3728794708366062 Micro F1: 0.6013333333333334
total: 4000 Accuracy: 0.55375 Macro F1: 0.414229879474018 Micro F1: 0.55375
total: 4488 Accuracy: 0.5274064171122995 Macro F1: 0.44661821549594705 Micro F1: 0.5274064171122995
finish: 1 0
total: 1000 Accuracy: 0.719 Macro F1: 0.29891313996385416 Micro F1: 0.7190000000000001
total: 2000 Accuracy: 0.67 Macro F1: 0.31981766953666213 Micro F1: 0.67
total: 3000 Accuracy: 0.593 Macro F1: 0.4349398610192153 Micro F1: 0.593
total: 4000 Accuracy: 0.54525 Macro F1: 0.4746823785519852 Micro F1: 0.54525
total: 4488 Accuracy: 0.5229500891265597 Macro F1: 0.446406002067426 Micro F1: 0.5229500891265597
finish: 1 1
total: 1000 Accuracy: 0.724 Macro F1: 0.18832586934103168 Micro F1: 0.724
total: 2000 Accuracy: 0.6665 Macro F1: 0.3287526749381404 Micro F1: 0.6665
total: 3000 Accuracy: 0.5946666666666667 Macro F1: 0.44455441503121446 Micro F1: 0.5946666666666667
total: 4000 Accuracy: 0.552 Macro F1: 0.4961667670539229 Micro F1: 0.552
total: 4488 Accuracy: 0.5247326203208557 Macro F1: 0.481803799751489 Micro F1: 0.5247326203208557
finish: 1 2
total: 1000 Accuracy: 0.715 Macro F1: 0.24224747065570787 Micro F1: 0.715
total: 2000 Accuracy: 0.677 Macro F1: 0.318578052068293 Micro F1: 0.677
total: 3000 Accuracy: 0.5936666666666667 Macro F1: 0.43302268256094006 Micro F1: 0.5936666666666667
total: 4000 Accuracy: 0.542 Macro F1: 0.4665031898459492 Micro F1: 0.542
total: 4488 Accuracy: 0.517602495543672 Macro F1: 0.4576931304529418 Micro F1: 0.517602495543672
finish: 1 3
total: 1000 Accuracy: 0.704 Macro F1: 0.35106833121025377 Micro F1: 0.704
total: 2000 Accuracy: 0.6455 Macro F1: 0.3123613135050101 Micro F1: 0.6455
total: 3000 Accuracy: 0.5783333333333334 Macro F1: 0.4136205484636327 Micro F1: 0.5783333333333334
total: 4000 Accuracy: 0.534 Macro F1: 0.45489558048152656 Micro F1: 0.534
total: 4488 Accuracy: 0.5084670231729055 Macro F1: 0.44144693115359307 Micro F1: 0.5084670231729055
finish: 1 4
total: 1000 Accuracy: 0.774 Macro F1: 0.30657382281480305 Micro F1: 0.774
total: 2000 Accuracy: 0.7415 Macro F1: 0.33976741287756224 Micro F1: 0.7415
total: 3000 Accuracy: 0.694 Macro F1: 0.44759562570809547 Micro F1: 0.694
total: 4000 Accuracy: 0.66325 Macro F1: 0.5108002747262643 Micro F1: 0.66325
total: 4488 Accuracy: 0.6443850267379679 Macro F1: 0.5716636623346377 Micro F1: 0.6443850267379679
finish: 2 0
total: 1000 Accuracy: 0.779 Macro F1: 0.30629743538240484 Micro F1: 0.779
total: 2000 Accuracy: 0.737 Macro F1: 0.34377037921410525 Micro F1: 0.737
total: 3000 Accuracy: 0.682 Macro F1: 0.49725030583258856 Micro F1: 0.682
total: 4000 Accuracy: 0.644 Macro F1: 0.5585616298967733 Micro F1: 0.644
total: 4488 Accuracy: 0.625 Macro F1: 0.5623196745900855 Micro F1: 0.625
finish: 2 1
total: 1000 Accuracy: 0.781 Macro F1: 0.19521694047536883 Micro F1: 0.7810000000000001
total: 2000 Accuracy: 0.741 Macro F1: 0.3514055583325591 Micro F1: 0.7410000000000001
total: 3000 Accuracy: 0.6806666666666666 Macro F1: 0.5083659175273505 Micro F1: 0.6806666666666666
total: 4000 Accuracy: 0.64775 Macro F1: 0.5837185845382193 Micro F1: 0.64775
total: 4488 Accuracy: 0.6281194295900179 Macro F1: 0.5913856559092354 Micro F1: 0.6281194295900179
finish: 2 2
total: 1000 Accuracy: 0.778 Macro F1: 0.36170325533624537 Micro F1: 0.778
total: 2000 Accuracy: 0.743 Macro F1: 0.3521817098076474 Micro F1: 0.743
total: 3000 Accuracy: 0.673 Macro F1: 0.5081549952970998 Micro F1: 0.673
total: 4000 Accuracy: 0.63525 Macro F1: 0.5718092069009215 Micro F1: 0.63525
total: 4488 Accuracy: 0.6145276292335116 Macro F1: 0.5815027380851866 Micro F1: 0.6145276292335116
finish: 2 3
total: 1000 Accuracy: 0.759 Macro F1: 0.3587447086013842 Micro F1: 0.7590000000000001
total: 2000 Accuracy: 0.7185 Macro F1: 0.3442581535013694 Micro F1: 0.7185
total: 3000 Accuracy: 0.661 Macro F1: 0.48507102199171315 Micro F1: 0.661
total: 4000 Accuracy: 0.6275 Macro F1: 0.5497007167079778 Micro F1: 0.6275
total: 4488 Accuracy: 0.607397504456328 Macro F1: 0.5338875762779379 Micro F1: 0.607397504456328
finish: 2 4
total: 1000 Accuracy: 0.802 Macro F1: 0.36533686790781 Micro F1: 0.802
total: 2000 Accuracy: 0.778 Macro F1: 0.4667297098665416 Micro F1: 0.778
total: 3000 Accuracy: 0.7313333333333333 Macro F1: 0.4748084870482266 Micro F1: 0.7313333333333333
total: 4000 Accuracy: 0.70675 Macro F1: 0.5560377552747178 Micro F1: 0.70675
total: 4488 Accuracy: 0.6905080213903744 Macro F1: 0.6206906378965156 Micro F1: 0.6905080213903744
finish: 3 0
total: 1000 Accuracy: 0.807 Macro F1: 0.42087625498819237 Micro F1: 0.807
total: 2000 Accuracy: 0.7775 Macro F1: 0.4179121386302264 Micro F1: 0.7775
total: 3000 Accuracy: 0.722 Macro F1: 0.48274856259732274 Micro F1: 0.722
total: 4000 Accuracy: 0.6905 Macro F1: 0.5571302877399564 Micro F1: 0.6905
total: 4488 Accuracy: 0.6742424242424242 Macro F1: 0.630662407770971 Micro F1: 0.6742424242424242
finish: 3 1
total: 1000 Accuracy: 0.817 Macro F1: 0.19994740275461673 Micro F1: 0.817
total: 2000 Accuracy: 0.7875 Macro F1: 0.3740823073603536 Micro F1: 0.7875
total: 3000 Accuracy: 0.73 Macro F1: 0.5587295117505726 Micro F1: 0.7299999999999999
total: 4000 Accuracy: 0.70525 Macro F1: 0.6460467349624053 Micro F1: 0.70525
total: 4488 Accuracy: 0.6918449197860963 Macro F1: 0.6682862659879567 Micro F1: 0.6918449197860963
finish: 3 2
total: 1000 Accuracy: 0.809 Macro F1: 0.36588598634150604 Micro F1: 0.809
total: 2000 Accuracy: 0.7905 Macro F1: 0.3728228529253929 Micro F1: 0.7905
total: 3000 Accuracy: 0.728 Macro F1: 0.5492244535888475 Micro F1: 0.728
total: 4000 Accuracy: 0.69725 Macro F1: 0.6286319225564477 Micro F1: 0.69725
total: 4488 Accuracy: 0.6771390374331551 Macro F1: 0.6362788024421078 Micro F1: 0.6771390374331551
finish: 3 3
total: 1000 Accuracy: 0.811 Macro F1: 0.3656217525729721 Micro F1: 0.811
total: 2000 Accuracy: 0.777 Macro F1: 0.36366822034774393 Micro F1: 0.777
total: 3000 Accuracy: 0.725 Macro F1: 0.5237797751859566 Micro F1: 0.7250000000000001
total: 4000 Accuracy: 0.69775 Macro F1: 0.6013699134978775 Micro F1: 0.69775
total: 4488 Accuracy: 0.678921568627451 Macro F1: 0.5960381989350823 Micro F1: 0.678921568627451
finish: 3 4
total: 1000 Accuracy: 0.836 Macro F1: 0.36932640520084464 Micro F1: 0.836
total: 2000 Accuracy: 0.8115 Macro F1: 0.48514880088467244 Micro F1: 0.8115
total: 3000 Accuracy: 0.765 Macro F1: 0.5075196564176548 Micro F1: 0.765
total: 4000 Accuracy: 0.74675 Macro F1: 0.6032672895417397 Micro F1: 0.74675
total: 4488 Accuracy: 0.732174688057041 Macro F1: 0.670558907858694 Micro F1: 0.7321746880570409
finish: 4 0
total: 1000 Accuracy: 0.83 Macro F1: 0.47983007603292877 Micro F1: 0.83
total: 2000 Accuracy: 0.8055 Macro F1: 0.48099164352547885 Micro F1: 0.8054999999999999
total: 3000 Accuracy: 0.757 Macro F1: 0.5680877354735993 Micro F1: 0.757
total: 4000 Accuracy: 0.73 Macro F1: 0.5991497497651656 Micro F1: 0.7299999999999999
total: 4488 Accuracy: 0.7170231729055259 Macro F1: 0.6687848348040569 Micro F1: 0.717023172905526
finish: 4 1
total: 1000 Accuracy: 0.851 Macro F1: 0.2042334609178581 Micro F1: 0.851
total: 2000 Accuracy: 0.82 Macro F1: 0.3820479889087463 Micro F1: 0.82
total: 3000 Accuracy: 0.767 Macro F1: 0.5777012263684226 Micro F1: 0.767
total: 4000 Accuracy: 0.74525 Macro F1: 0.6710229773355255 Micro F1: 0.74525
total: 4488 Accuracy: 0.7332887700534759 Macro F1: 0.6969539503305024 Micro F1: 0.733288770053476
finish: 4 2
total: 1000 Accuracy: 0.838 Macro F1: 0.42490034667586113 Micro F1: 0.838
total: 2000 Accuracy: 0.8195 Macro F1: 0.43892118916470657 Micro F1: 0.8195
total: 3000 Accuracy: 0.7583333333333333 Macro F1: 0.5786507077520692 Micro F1: 0.7583333333333333
total: 4000 Accuracy: 0.7325 Macro F1: 0.6652172238295986 Micro F1: 0.7325
total: 4488 Accuracy: 0.7132352941176471 Macro F1: 0.6734373634818682 Micro F1: 0.7132352941176471
finish: 4 3
total: 1000 Accuracy: 0.833 Macro F1: 0.4798667495729678 Micro F1: 0.833
total: 2000 Accuracy: 0.799 Macro F1: 0.3716318686404515 Micro F1: 0.799
total: 3000 Accuracy: 0.7573333333333333 Macro F1: 0.5483902036582603 Micro F1: 0.7573333333333333
total: 4000 Accuracy: 0.73175 Macro F1: 0.6343773541921687 Micro F1: 0.73175
total: 4488 Accuracy: 0.7159090909090909 Macro F1: 0.6322412258870386 Micro F1: 0.715909090909091
finish: 4 4
total: 1000 Accuracy: 0.845 Macro F1: 0.3699393491111713 Micro F1: 0.845
total: 2000 Accuracy: 0.829 Macro F1: 0.49072973861120744 Micro F1: 0.8289999999999998
total: 3000 Accuracy: 0.7796666666666666 Macro F1: 0.5152132338655222 Micro F1: 0.7796666666666666
total: 4000 Accuracy: 0.76375 Macro F1: 0.6158204793079995 Micro F1: 0.76375
total: 4488 Accuracy: 0.749777183600713 Macro F1: 0.6908137578616443 Micro F1: 0.7497771836007131
finish: 5 0
total: 1000 Accuracy: 0.849 Macro F1: 0.4269114259680442 Micro F1: 0.849
total: 2000 Accuracy: 0.819 Macro F1: 0.48264118024092517 Micro F1: 0.819
total: 3000 Accuracy: 0.773 Macro F1: 0.5776382688144301 Micro F1: 0.7729999999999999
total: 4000 Accuracy: 0.74825 Macro F1: 0.6128908256520474 Micro F1: 0.74825
total: 4488 Accuracy: 0.7361853832442068 Macro F1: 0.6828190755756309 Micro F1: 0.7361853832442069
finish: 5 1
total: 1000 Accuracy: 0.86 Macro F1: 0.26085466181605704 Micro F1: 0.8599999999999999
total: 2000 Accuracy: 0.8285 Macro F1: 0.38118505245419926 Micro F1: 0.8285
total: 3000 Accuracy: 0.781 Macro F1: 0.5888517499390789 Micro F1: 0.7810000000000001
total: 4000 Accuracy: 0.758 Macro F1: 0.6842876109733843 Micro F1: 0.7579999999999999
total: 4488 Accuracy: 0.7471033868092691 Macro F1: 0.7121758547233512 Micro F1: 0.7471033868092691
finish: 5 2
total: 1000 Accuracy: 0.852 Macro F1: 0.3705906174308208 Micro F1: 0.852
total: 2000 Accuracy: 0.8325 Macro F1: 0.4424663154259852 Micro F1: 0.8325
total: 3000 Accuracy: 0.7746666666666666 Macro F1: 0.5950952034712285 Micro F1: 0.7746666666666666
total: 4000 Accuracy: 0.74925 Macro F1: 0.6783392365140495 Micro F1: 0.74925
total: 4488 Accuracy: 0.7328431372549019 Macro F1: 0.6900729401104926 Micro F1: 0.7328431372549018
finish: 5 3
total: 1000 Accuracy: 0.843 Macro F1: 0.42559627272109746 Micro F1: 0.843
total: 2000 Accuracy: 0.814 Macro F1: 0.48660636429021054 Micro F1: 0.8140000000000001
total: 3000 Accuracy: 0.7726666666666666 Macro F1: 0.5048437676675378 Micro F1: 0.7726666666666665
total: 4000 Accuracy: 0.7485 Macro F1: 0.5950660865615647 Micro F1: 0.7485
total: 4488 Accuracy: 0.733957219251337 Macro F1: 0.6501548723564935 Micro F1: 0.7339572192513371
finish: 5 4
total: 1000 Accuracy: 0.862 Macro F1: 0.3716876491987273 Micro F1: 0.8619999999999999
total: 2000 Accuracy: 0.8385 Macro F1: 0.4343834039865386 Micro F1: 0.8385
total: 3000 Accuracy: 0.785 Macro F1: 0.5154544923415542 Micro F1: 0.785
total: 4000 Accuracy: 0.7705 Macro F1: 0.6208822594165269 Micro F1: 0.7705
total: 4488 Accuracy: 0.7573529411764706 Macro F1: 0.6978039044903661 Micro F1: 0.7573529411764706
finish: 6 0
total: 1000 Accuracy: 0.853 Macro F1: 0.3707525165267145 Micro F1: 0.853
total: 2000 Accuracy: 0.821 Macro F1: 0.48263301108539813 Micro F1: 0.821
total: 3000 Accuracy: 0.7756666666666666 Macro F1: 0.5249067543370498 Micro F1: 0.7756666666666665
total: 4000 Accuracy: 0.748 Macro F1: 0.6113216568406713 Micro F1: 0.748
total: 4488 Accuracy: 0.7372994652406417 Macro F1: 0.6683927462787616 Micro F1: 0.7372994652406417
finish: 6 1
total: 1000 Accuracy: 0.866 Macro F1: 0.31689768310090705 Micro F1: 0.866
total: 2000 Accuracy: 0.842 Macro F1: 0.4392003192115076 Micro F1: 0.842
total: 3000 Accuracy: 0.7916666666666666 Macro F1: 0.5944948418978453 Micro F1: 0.7916666666666666
total: 4000 Accuracy: 0.76925 Macro F1: 0.6905492810244585 Micro F1: 0.76925
total: 4488 Accuracy: 0.7571301247771836 Macro F1: 0.7170335730073272 Micro F1: 0.7571301247771836
finish: 6 2
total: 1000 Accuracy: 0.857 Macro F1: 0.3713214781961328 Micro F1: 0.857
total: 2000 Accuracy: 0.84 Macro F1: 0.4426268605358585 Micro F1: 0.8399999999999999
total: 3000 Accuracy: 0.779 Macro F1: 0.5916612804932954 Micro F1: 0.779
total: 4000 Accuracy: 0.75375 Macro F1: 0.6731956364272282 Micro F1: 0.75375
total: 4488 Accuracy: 0.7370766488413547 Macro F1: 0.6851229838112738 Micro F1: 0.7370766488413547
finish: 6 3
total: 1000 Accuracy: 0.854 Macro F1: 0.42640804041102043 Micro F1: 0.854
total: 2000 Accuracy: 0.824 Macro F1: 0.4900450852137139 Micro F1: 0.824
total: 3000 Accuracy: 0.774 Macro F1: 0.5020035003065848 Micro F1: 0.774
total: 4000 Accuracy: 0.75075 Macro F1: 0.596576804520502 Micro F1: 0.75075
total: 4488 Accuracy: 0.7361853832442068 Macro F1: 0.6521287627924379 Micro F1: 0.7361853832442069
finish: 6 4
total: 1000 Accuracy: 0.858 Macro F1: 0.3712957504473588 Micro F1: 0.858
total: 2000 Accuracy: 0.84 Macro F1: 0.3787765439690492 Micro F1: 0.8399999999999999
total: 3000 Accuracy: 0.784 Macro F1: 0.5128740788883034 Micro F1: 0.7840000000000001
total: 4000 Accuracy: 0.76675 Macro F1: 0.6157940975839474 Micro F1: 0.76675
total: 4488 Accuracy: 0.7515597147950089 Macro F1: 0.6939461448346173 Micro F1: 0.7515597147950089
finish: 7 0
total: 1000 Accuracy: 0.862 Macro F1: 0.48241972384691795 Micro F1: 0.8619999999999999
total: 2000 Accuracy: 0.8265 Macro F1: 0.48524307666952865 Micro F1: 0.8265
total: 3000 Accuracy: 0.7783333333333333 Macro F1: 0.5208808175907857 Micro F1: 0.7783333333333333
total: 4000 Accuracy: 0.7485 Macro F1: 0.6075957773585902 Micro F1: 0.7485
total: 4488 Accuracy: 0.7366310160427807 Macro F1: 0.6795086569032481 Micro F1: 0.7366310160427807
finish: 7 1
total: 1000 Accuracy: 0.854 Macro F1: 0.31544312270773556 Micro F1: 0.854
total: 2000 Accuracy: 0.834 Macro F1: 0.43785122396274734 Micro F1: 0.834
total: 3000 Accuracy: 0.7796666666666666 Macro F1: 0.5879736594280308 Micro F1: 0.7796666666666666
total: 4000 Accuracy: 0.761 Macro F1: 0.6845750828143778 Micro F1: 0.761
total: 4488 Accuracy: 0.7486631016042781 Macro F1: 0.7057182318270162 Micro F1: 0.7486631016042782
finish: 7 2
total: 1000 Accuracy: 0.853 Macro F1: 0.3705640230366789 Micro F1: 0.853
total: 2000 Accuracy: 0.8395 Macro F1: 0.4402286181484321 Micro F1: 0.8395000000000001
total: 3000 Accuracy: 0.776 Macro F1: 0.5879812571751157 Micro F1: 0.776
total: 4000 Accuracy: 0.74975 Macro F1: 0.66850964855478 Micro F1: 0.74975
total: 4488 Accuracy: 0.7337344028520499 Macro F1: 0.6814470011505296 Micro F1: 0.7337344028520498
finish: 7 3
total: 1000 Accuracy: 0.849 Macro F1: 0.42549492590299387 Micro F1: 0.849
total: 2000 Accuracy: 0.8235 Macro F1: 0.4887173034391995 Micro F1: 0.8235
total: 3000 Accuracy: 0.7743333333333333 Macro F1: 0.5015671804260329 Micro F1: 0.7743333333333333
total: 4000 Accuracy: 0.749 Macro F1: 0.596014356320929 Micro F1: 0.749
total: 4488 Accuracy: 0.7341800356506238 Macro F1: 0.6615402217789041 Micro F1: 0.7341800356506237
finish: 7 4
total: 1000 Accuracy: 0.855 Macro F1: 0.3710151634598226 Micro F1: 0.855
total: 2000 Accuracy: 0.834 Macro F1: 0.4306099993201477 Micro F1: 0.834
total: 3000 Accuracy: 0.778 Macro F1: 0.5019698185043433 Micro F1: 0.778
total: 4000 Accuracy: 0.75725 Macro F1: 0.6042513565574095 Micro F1: 0.75725
total: 4488 Accuracy: 0.7422014260249554 Macro F1: 0.6695993877243861 Micro F1: 0.7422014260249554
finish: 8 0
total: 1000 Accuracy: 0.851 Macro F1: 0.48092521533714006 Micro F1: 0.851
total: 2000 Accuracy: 0.8195 Macro F1: 0.5367670025590434 Micro F1: 0.8195
total: 3000 Accuracy: 0.7703333333333333 Macro F1: 0.5684792166816717 Micro F1: 0.7703333333333333
total: 4000 Accuracy: 0.742 Macro F1: 0.6064081923750266 Micro F1: 0.7419999999999999
total: 4488 Accuracy: 0.7306149732620321 Macro F1: 0.6789053261096983 Micro F1: 0.7306149732620321
finish: 8 1
total: 1000 Accuracy: 0.852 Macro F1: 0.3150852883839957 Micro F1: 0.852
total: 2000 Accuracy: 0.8305 Macro F1: 0.4364796549021366 Micro F1: 0.8305
total: 3000 Accuracy: 0.7753333333333333 Macro F1: 0.5752105940227064 Micro F1: 0.7753333333333333
total: 4000 Accuracy: 0.7545 Macro F1: 0.6721845579727046 Micro F1: 0.7545000000000001
total: 4488 Accuracy: 0.7413101604278075 Macro F1: 0.6923423109871734 Micro F1: 0.7413101604278074
finish: 8 2
total: 1000 Accuracy: 0.855 Macro F1: 0.37113790828483756 Micro F1: 0.855
total: 2000 Accuracy: 0.8355 Macro F1: 0.4377402665661895 Micro F1: 0.8355
total: 3000 Accuracy: 0.774 Macro F1: 0.5873219970797188 Micro F1: 0.774
total: 4000 Accuracy: 0.743 Macro F1: 0.6703588988474909 Micro F1: 0.743
total: 4488 Accuracy: 0.7270499108734403 Macro F1: 0.6866489883219751 Micro F1: 0.7270499108734403
finish: 8 3
total: 1000 Accuracy: 0.847 Macro F1: 0.4252006437484624 Micro F1: 0.847
total: 2000 Accuracy: 0.8245 Macro F1: 0.43200927829080865 Micro F1: 0.8245
total: 3000 Accuracy: 0.7726666666666666 Macro F1: 0.4959121395446251 Micro F1: 0.7726666666666665
total: 4000 Accuracy: 0.746 Macro F1: 0.5834802024663532 Micro F1: 0.746
total: 4488 Accuracy: 0.7312834224598931 Macro F1: 0.6504984347219891 Micro F1: 0.7312834224598931
finish: 8 4
total: 1000 Accuracy: 0.854 Macro F1: 0.37100840568451376 Micro F1: 0.854
total: 2000 Accuracy: 0.8325 Macro F1: 0.43065198771481106 Micro F1: 0.8325
total: 3000 Accuracy: 0.7726666666666666 Macro F1: 0.5000624444619012 Micro F1: 0.7726666666666665
total: 4000 Accuracy: 0.751 Macro F1: 0.5849057902604543 Micro F1: 0.751
total: 4488 Accuracy: 0.7359625668449198 Macro F1: 0.6598420914768012 Micro F1: 0.7359625668449198
finish: 9 0
total: 1000 Accuracy: 0.846 Macro F1: 0.48057612515144676 Micro F1: 0.8459999999999999
total: 2000 Accuracy: 0.818 Macro F1: 0.5372919594771046 Micro F1: 0.818
total: 3000 Accuracy: 0.7676666666666667 Macro F1: 0.51239621277909 Micro F1: 0.7676666666666666
total: 4000 Accuracy: 0.739 Macro F1: 0.6027133123510543 Micro F1: 0.739
total: 4488 Accuracy: 0.7261586452762924 Macro F1: 0.6785714883241081 Micro F1: 0.7261586452762924
finish: 9 1
total: 1000 Accuracy: 0.852 Macro F1: 0.3148135862312482 Micro F1: 0.852
total: 2000 Accuracy: 0.831 Macro F1: 0.4351038830941337 Micro F1: 0.831
total: 3000 Accuracy: 0.775 Macro F1: 0.5668504213270137 Micro F1: 0.775
total: 4000 Accuracy: 0.75075 Macro F1: 0.6066109224895846 Micro F1: 0.75075
total: 4488 Accuracy: 0.7372994652406417 Macro F1: 0.6815029634521071 Micro F1: 0.7372994652406417
finish: 9 2
total: 1000 Accuracy: 0.841 Macro F1: 0.369172677931802 Micro F1: 0.841
total: 2000 Accuracy: 0.827 Macro F1: 0.4899910213471649 Micro F1: 0.827
total: 3000 Accuracy: 0.763 Macro F1: 0.5683670806548522 Micro F1: 0.763
total: 4000 Accuracy: 0.733 Macro F1: 0.6569000405890244 Micro F1: 0.733
total: 4488 Accuracy: 0.7192513368983957 Macro F1: 0.6694445908000155 Micro F1: 0.7192513368983957
finish: 9 3
total: 1000 Accuracy: 0.849 Macro F1: 0.4254584101527766 Micro F1: 0.849
total: 2000 Accuracy: 0.8225 Macro F1: 0.43273678247991476 Micro F1: 0.8225
total: 3000 Accuracy: 0.77 Macro F1: 0.5588011133894915 Micro F1: 0.7699999999999999
total: 4000 Accuracy: 0.7435 Macro F1: 0.591967427264835 Micro F1: 0.7435
total: 4488 Accuracy: 0.7277183600713012 Macro F1: 0.6557961570123976 Micro F1: 0.7277183600713012
finish: 9 4
[[0.52740642 0.52295009 0.52473262 0.5176025  0.50846702]
 [0.52740642 0.52295009 0.52473262 0.5176025  0.50846702]
 [0.64438503 0.625      0.62811943 0.61452763 0.6073975 ]
 [0.69050802 0.67424242 0.69184492 0.67713904 0.67892157]
 [0.73217469 0.71702317 0.73328877 0.71323529 0.71590909]
 [0.74977718 0.73618538 0.74710339 0.73284314 0.73395722]
 [0.75735294 0.73729947 0.75713012 0.73707665 0.73618538]
 [0.75155971 0.73663102 0.7486631  0.7337344  0.73418004]
 [0.74220143 0.73061497 0.74131016 0.72704991 0.73128342]
 [0.73596257 0.72615865 0.73729947 0.71925134 0.72771836]]
best= 7
Train start
total: 1000 Accuracy: 0.93 Macro F1: 0.5996682963770349 Micro F1: 0.93
total: 2000 Accuracy: 0.8955 Macro F1: 0.5357445121699774 Micro F1: 0.8955
total: 3000 Accuracy: 0.8796666666666667 Macro F1: 0.5987791921213287 Micro F1: 0.8796666666666667
total: 4000 Accuracy: 0.812 Macro F1: 0.6216526862272218 Micro F1: 0.8119999999999999
total: 5000 Accuracy: 0.792 Macro F1: 0.6896977543588296 Micro F1: 0.792
total: 5611 Accuracy: 0.7720548921760827 Macro F1: 0.7110160901831112 Micro F1: 0.7720548921760827
Train finished after: 358.5605636
